PLINK v1.90b3w 64-bit (3 Sep 2015)
Options in effect:
  --bfile test
  --keep subset_ids
  --make-bed
  --out subset

Hostname: calliope
Working directory: /home/sushila/Drive/Personal/qg/pygcta/data
Start time: Mon Mar 21 11:33:20 2016

Random number seed: 1458574400
32101 MB RAM detected; reserving 16050 MB for main workspace.
1000 variants loaded from .bim file.
3925 people (1643 males, 2282 females) loaded from .fam.
--keep: 500 people remaining.
Using 1 thread (no multithreaded calculations invoked.
Before main variant filters, 500 founders and 0 nonfounders present.
Calculating allele frequencies... done.
Total genotyping rate in remaining samples is 0.983456.
1000 variants and 500 people pass filters and QC.
Note: No phenotypes present.
--make-bed to subset.bed + subset.bim + subset.fam ... done.

End time: Mon Mar 21 11:33:20 2016
